Change Physical Footprint: Designator=C1 Old Footprint=C0805C105J3RAC7800 New Footprint=C0805C105J3RAC7800
Change Physical Footprint: Designator=C2 Old Footprint=C0805C105J3RAC7800 New Footprint=C0805C105J3RAC7800
Change Physical Footprint: Designator=C3 Old Footprint=C0805C105J3RAC7800 New Footprint=C0805C105J3RAC7800
Change Physical Footprint: Designator=C4 Old Footprint=C0805C105J3RAC7800 New Footprint=C0805C105J3RAC7800
Change Physical Footprint: Designator=C5 Old Footprint=C0805C105J3RAC7800 New Footprint=C0805C105J3RAC7800
Change Physical Footprint: Designator=C6 Old Footprint=C0805C105J3RAC7800 New Footprint=C0805C105J3RAC7800
Change Physical Footprint: Designator=C7 Old Footprint=C0805C105J3RAC7800 New Footprint=C0805C105J3RAC7800
Change Physical Footprint: Designator=C8 Old Footprint=C0805C105J3RAC7800 New Footprint=C0805C105J3RAC7800
Change Physical Footprint: Designator=C9 Old Footprint=C1206C106J8RACTU New Footprint=C1206C106J8RACTU
Change Physical Footprint: Designator=C10 Old Footprint=C1206C106J8RACTU New Footprint=C1206C106J8RACTU
Change Physical Footprint: Designator=P1 Old Footprint=51125-04-0200-01 New Footprint=51125-04-0200-01
Change Physical Footprint: Designator=P2 Old Footprint=51125-04-0200-01 New Footprint=51125-04-0200-01
Change Physical Footprint: Designator=P3 Old Footprint=51125-04-0200-01 New Footprint=51125-04-0200-01
Change Physical Footprint: Designator=P4 Old Footprint=51125-04-0200-01 New Footprint=51125-04-0200-01
Change Physical Footprint: Designator=P11 Old Footprint=281739-6 New Footprint=281739-6
Change Physical Footprint: Designator=P16 Old Footprint=51125-04-0200-01 New Footprint=51125-04-0200-01
Change Physical Footprint: Designator=P17 Old Footprint=51125-04-0200-01 New Footprint=51125-04-0200-01
Change Physical Footprint: Designator=P18 Old Footprint=51125-04-0200-01 New Footprint=51125-04-0200-01
Change Physical Footprint: Designator=P19 Old Footprint=51125-04-0200-01 New Footprint=51125-04-0200-01
Change Physical Footprint: Designator=R3 Old Footprint=RC0402JR-070RL New Footprint=RC0402JR-070RL
Change Physical Footprint: Designator=R4 Old Footprint=RC0402JR-070RL New Footprint=RC0402JR-070RL
Change Physical Footprint: Designator=R5 Old Footprint=RC0805FR-1310KL New Footprint=RC0805FR-1310KL
Change Physical Footprint: Designator=R6 Old Footprint=RC0805FR-1310KL New Footprint=RC0805FR-1310KL
Change Physical Footprint: Designator=R7 Old Footprint=RC0805FR-1310KL New Footprint=RC0805FR-1310KL
Change Physical Footprint: Designator=R8 Old Footprint=RC0805FR-1310KL New Footprint=RC0805FR-1310KL
Change Physical Footprint: Designator=R9 Old Footprint=RC0805FR-1310KL New Footprint=RC0805FR-1310KL
Change Physical Footprint: Designator=R10 Old Footprint=RC0805FR-1310KL New Footprint=RC0805FR-1310KL
Change Physical Footprint: Designator=R11 Old Footprint=CRCW06032K20FKEAHP New Footprint=CRCW06032K20FKEAHP
Change Physical Footprint: Designator=R12 Old Footprint=CRCW06032K20FKEAHP New Footprint=CRCW06032K20FKEAHP
Change Physical Footprint: Designator=R13 Old Footprint=CRCW06032K20FKEAHP New Footprint=CRCW06032K20FKEAHP
Change Physical Footprint: Designator=R14 Old Footprint=CRCW06032K20FKEAHP New Footprint=CRCW06032K20FKEAHP
Change Physical Footprint: Designator=R15 Old Footprint=RC0805FR-1310KL New Footprint=RC0805FR-1310KL
Change Physical Footprint: Designator=R16 Old Footprint=RC0805FR-1310KL New Footprint=RC0805FR-1310KL
Change Physical Footprint: Designator=R17 Old Footprint=RC0805FR-1310KL New Footprint=RC0805FR-1310KL
Change Physical Footprint: Designator=R18 Old Footprint=RC0805FR-1310KL New Footprint=RC0805FR-1310KL
Change Physical Footprint: Designator=R19 Old Footprint=RC0603FR-0720KL New Footprint=RC0603FR-0720KL
Change Physical Footprint: Designator=R21 Old Footprint=RC0603FR-0720KL New Footprint=RC0603FR-0720KL
Change Physical Footprint: Designator=R23 Old Footprint=RC0805FR-1310KL New Footprint=RC0805FR-1310KL
Change Physical Footprint: Designator=R24 Old Footprint=RC0805FR-1310KL New Footprint=RC0805FR-1310KL
Change Physical Footprint: Designator=R26 Old Footprint=RC0603FR-07200RL New Footprint=RC0603FR-07200RL
