Removed Pin From Net: NetName=ADC_2 Pin=IC1-69
Removed Pin From Net: NetName=ADC_1 Pin=IC1-71
Removed Pin From Net: NetName=GND Pin=P25-1
Removed Pin From Net: NetName=12V Pin=P25-2
Removed Pin From Net: NetName=GND Pin=P26-1
Removed Pin From Net: NetName=12V Pin=P26-2
Removed Pin From Net: NetName=GND Pin=P27-1
Removed Pin From Net: NetName=12V Pin=P27-2
Removed Pin From Net: NetName=GND Pin=P28-1
Removed Pin From Net: NetName=5V Pin=P28-2
Removed Pin From Net: NetName=GND Pin=P29-1
Removed Pin From Net: NetName=+3V3 Pin=P29-2
Removed Pin From Net: NetName=GND Pin=P30-1
Removed Pin From Net: NetName=12V Pin=P30-2
Removed Pin From Net: NetName=GND Pin=U6-1
Removed Pin From Net: NetName=12V Pin=U6-2
Removed Pin From Net: NetName=GND Pin=U7-1
Removed Pin From Net: NetName=5V Pin=U7-2
Removed Pin From Net: NetName=12V Pin=U7-3
Added Pin To Net: NetName=ADC_2 Pin=IC1-70
Added Pin To Net: NetName=ADC_1 Pin=IC1-72
