Removed Pin From Net: NetName=5V Pin=R1-1
Removed Pin From Net: NetName=NetP4_4 Pin=R1-2
Removed Pin From Net: NetName=+3V3 Pin=R2-1
Removed Pin From Net: NetName=NetP4_4 Pin=R2-2
Removed Pin From Net: NetName=5V Pin=R3-1
Removed Pin From Net: NetName=NetP2_4 Pin=R3-2
Removed Pin From Net: NetName=+3V3 Pin=R4-1
Removed Pin From Net: NetName=NetP2_4 Pin=R4-2
Change Component Footprint: Designator=R1 Old Footprint=RC0402JR-070RL New Footprint=Resistor DIP
Change Component Footprint: Designator=R2 Old Footprint=RC0402JR-070RL New Footprint=Resistor DIP
Change Component Footprint: Designator=R3 Old Footprint=RC0402JR-070RL New Footprint=Resistor DIP
Change Component Footprint: Designator=R4 Old Footprint=RC0402JR-070RL New Footprint=Resistor DIP
Change Component Comment : Designator=R1 Old Comment=RES 0 OHM JUMPER 1/16W 0402 New Comment=0 Ohm dip
Change Component Comment : Designator=R2 Old Comment=RES 0 OHM JUMPER 1/16W 0402 New Comment=0 Ohm dip
Change Component Comment : Designator=R3 Old Comment=RES 0 OHM JUMPER 1/16W 0402 New Comment=0 Ohm dip
Change Component Comment : Designator=R4 Old Comment=RES 0 OHM JUMPER 1/16W 0402 New Comment=0 Ohm dip
Added Pin To Net: NetName=NetP4_4 Pin=R1-1
Added Pin To Net: NetName=+3V3 Pin=R1-2
Added Pin To Net: NetName=NetP4_4 Pin=R2-1
Added Pin To Net: NetName=5V Pin=R2-2
Added Pin To Net: NetName=NetP2_4 Pin=R3-1
Added Pin To Net: NetName=5V Pin=R3-2
Added Pin To Net: NetName=NetP2_4 Pin=R4-1
Added Pin To Net: NetName=+3V3 Pin=R4-2
